D:\数据结构编程\递归练习\DEBUG\源.OBJ
D:\数据结构编程\递归练习\DEBUG\VC110.PDB
D:\数据结构编程\递归练习\DEBUG\递归练习.ILK
D:\数据结构编程\递归练习\DEBUG\递归练习.EXE
D:\数据结构编程\递归练习\DEBUG\递归练习.PDB
D:\数据结构编程\递归练习\Debug\源.obj
D:\数据结构编程\递归练习\Debug\递归练习.ilk
D:\数据结构编程\递归练习\Debug\cl.command.1.tlog
D:\数据结构编程\递归练习\Debug\CL.read.1.tlog
D:\数据结构编程\递归练习\Debug\CL.write.1.tlog
D:\数据结构编程\递归练习\Debug\link-cvtres.read.1.tlog
D:\数据结构编程\递归练习\Debug\link-cvtres.write.1.tlog
D:\数据结构编程\递归练习\Debug\link-rc.read.1.tlog
D:\数据结构编程\递归练习\Debug\link-rc.write.1.tlog
D:\数据结构编程\递归练习\Debug\link.command.1.tlog
D:\数据结构编程\递归练习\Debug\link.read.1.tlog
D:\数据结构编程\递归练习\Debug\link.write.1.tlog
D:\数据结构编程\递归练习\Debug\vc110.idb
D:\数据结构编程\递归练习\Debug\vc110.pdb
D:\数据结构编程\递归练习\Debug\递归练习.pdb
D:\数据结构编程\递归练习\Debug\递归练习.exe
