D:\数据结构编程\图的作业\图\DEBUG\源.OBJ
D:\数据结构编程\图的作业\图\DEBUG\VC110.PDB
D:\数据结构编程\图的作业\图\DEBUG\图.ILK
D:\数据结构编程\图的作业\图\DEBUG\图.EXE
D:\数据结构编程\图的作业\图\DEBUG\图.PDB
D:\数据结构编程\图的作业\图\Debug\源.obj
D:\数据结构编程\图的作业\图\Debug\图.ilk
D:\数据结构编程\图的作业\图\Debug\cl.command.1.tlog
D:\数据结构编程\图的作业\图\Debug\CL.read.1.tlog
D:\数据结构编程\图的作业\图\Debug\CL.write.1.tlog
D:\数据结构编程\图的作业\图\Debug\link-cvtres.read.1.tlog
D:\数据结构编程\图的作业\图\Debug\link-cvtres.write.1.tlog
D:\数据结构编程\图的作业\图\Debug\link-rc.read.1.tlog
D:\数据结构编程\图的作业\图\Debug\link-rc.write.1.tlog
D:\数据结构编程\图的作业\图\Debug\link.command.1.tlog
D:\数据结构编程\图的作业\图\Debug\link.read.1.tlog
D:\数据结构编程\图的作业\图\Debug\link.write.1.tlog
D:\数据结构编程\图的作业\图\Debug\vc110.idb
D:\数据结构编程\图的作业\图\Debug\vc110.pdb
D:\数据结构编程\图的作业\图\Debug\图.pdb
D:\数据结构编程\图的作业\图\Debug\图.exe
