D:\数据结构编程\集合的交并差\DEBUG\源.OBJ
D:\数据结构编程\集合的交并差\DEBUG\VC110.PDB
D:\数据结构编程\集合的交并差\DEBUG\集合的交并差.ILK
D:\数据结构编程\集合的交并差\DEBUG\集合的交并差.EXE
D:\数据结构编程\集合的交并差\DEBUG\集合的交并差.PDB
D:\数据结构编程\集合的交并差\Debug\源.obj
D:\数据结构编程\集合的交并差\Debug\集合的交并差.ilk
D:\数据结构编程\集合的交并差\Debug\cl.command.1.tlog
D:\数据结构编程\集合的交并差\Debug\CL.read.1.tlog
D:\数据结构编程\集合的交并差\Debug\CL.write.1.tlog
D:\数据结构编程\集合的交并差\Debug\link-cvtres.read.1.tlog
D:\数据结构编程\集合的交并差\Debug\link-cvtres.write.1.tlog
D:\数据结构编程\集合的交并差\Debug\link-rc.read.1.tlog
D:\数据结构编程\集合的交并差\Debug\link-rc.write.1.tlog
D:\数据结构编程\集合的交并差\Debug\link.command.1.tlog
D:\数据结构编程\集合的交并差\Debug\link.read.1.tlog
D:\数据结构编程\集合的交并差\Debug\link.write.1.tlog
D:\数据结构编程\集合的交并差\Debug\vc110.idb
D:\数据结构编程\集合的交并差\Debug\vc110.pdb
D:\数据结构编程\集合的交并差\Debug\集合的交并差.pdb
D:\数据结构编程\集合的交并差\Debug\集合的交并差.exe
