D:\数据结构编程\线性表作业\DEBUG\源.OBJ
D:\数据结构编程\线性表作业\DEBUG\VC110.PDB
D:\数据结构编程\线性表作业\DEBUG\线性表作业.ILK
D:\数据结构编程\线性表作业\DEBUG\线性表作业.EXE
D:\数据结构编程\线性表作业\DEBUG\线性表作业.PDB
D:\数据结构编程\线性表作业\Debug\源.obj
D:\数据结构编程\线性表作业\Debug\线性表作业.ilk
D:\数据结构编程\线性表作业\Debug\cl.command.1.tlog
D:\数据结构编程\线性表作业\Debug\CL.read.1.tlog
D:\数据结构编程\线性表作业\Debug\CL.write.1.tlog
D:\数据结构编程\线性表作业\Debug\link-cvtres.read.1.tlog
D:\数据结构编程\线性表作业\Debug\link-cvtres.write.1.tlog
D:\数据结构编程\线性表作业\Debug\link-rc.read.1.tlog
D:\数据结构编程\线性表作业\Debug\link-rc.write.1.tlog
D:\数据结构编程\线性表作业\Debug\link.command.1.tlog
D:\数据结构编程\线性表作业\Debug\link.read.1.tlog
D:\数据结构编程\线性表作业\Debug\link.write.1.tlog
D:\数据结构编程\线性表作业\Debug\vc110.idb
D:\数据结构编程\线性表作业\Debug\vc110.pdb
D:\数据结构编程\线性表作业\Debug\线性表作业.pdb
D:\数据结构编程\线性表作业\Debug\线性表作业.exe
