D:\数据结构编程\名字查询\DEBUG\源.OBJ
D:\数据结构编程\名字查询\DEBUG\VC110.PDB
D:\数据结构编程\名字查询\DEBUG\名字查询.ILK
D:\数据结构编程\名字查询\DEBUG\名字查询.EXE
D:\数据结构编程\名字查询\DEBUG\名字查询.PDB
D:\数据结构编程\名字查询\Debug\源.obj
D:\数据结构编程\名字查询\Debug\名字查询.ilk
D:\数据结构编程\名字查询\Debug\cl.command.1.tlog
D:\数据结构编程\名字查询\Debug\CL.read.1.tlog
D:\数据结构编程\名字查询\Debug\CL.write.1.tlog
D:\数据结构编程\名字查询\Debug\link-cvtres.read.1.tlog
D:\数据结构编程\名字查询\Debug\link-cvtres.write.1.tlog
D:\数据结构编程\名字查询\Debug\link-rc.read.1.tlog
D:\数据结构编程\名字查询\Debug\link-rc.write.1.tlog
D:\数据结构编程\名字查询\Debug\link.command.1.tlog
D:\数据结构编程\名字查询\Debug\link.read.1.tlog
D:\数据结构编程\名字查询\Debug\link.write.1.tlog
D:\数据结构编程\名字查询\Debug\vc110.idb
D:\数据结构编程\名字查询\Debug\vc110.pdb
D:\数据结构编程\名字查询\Debug\名字查询.pdb
D:\数据结构编程\名字查询\Debug\名字查询.exe
