D:\数据结构编程\数的练习20171126\DEBUG\源.OBJ
D:\数据结构编程\数的练习20171126\DEBUG\VC110.PDB
D:\数据结构编程\数的练习20171126\DEBUG\数的练习20171126.ILK
D:\数据结构编程\数的练习20171126\DEBUG\数的练习20171126.EXE
D:\数据结构编程\数的练习20171126\DEBUG\数的练习20171126.PDB
D:\数据结构编程\数的练习20171126\Debug\源.obj
D:\数据结构编程\数的练习20171126\Debug\数的练习20171126.ilk
D:\数据结构编程\数的练习20171126\Debug\cl.command.1.tlog
D:\数据结构编程\数的练习20171126\Debug\CL.read.1.tlog
D:\数据结构编程\数的练习20171126\Debug\CL.write.1.tlog
D:\数据结构编程\数的练习20171126\Debug\link-cvtres.read.1.tlog
D:\数据结构编程\数的练习20171126\Debug\link-cvtres.write.1.tlog
D:\数据结构编程\数的练习20171126\Debug\link-rc.read.1.tlog
D:\数据结构编程\数的练习20171126\Debug\link-rc.write.1.tlog
D:\数据结构编程\数的练习20171126\Debug\link.command.1.tlog
D:\数据结构编程\数的练习20171126\Debug\link.read.1.tlog
D:\数据结构编程\数的练习20171126\Debug\link.write.1.tlog
D:\数据结构编程\数的练习20171126\Debug\vc110.idb
D:\数据结构编程\数的练习20171126\Debug\vc110.pdb
D:\数据结构编程\数的练习20171126\Debug\数的练习20171126.pdb
D:\数据结构编程\数的练习20171126\Debug\数的练习20171126.exe
