D:\数据结构编程\期中第二题三\DEBUG\源.OBJ
D:\数据结构编程\期中第二题三\DEBUG\VC110.PDB
D:\数据结构编程\期中第二题三\DEBUG\期中第二题三.ILK
D:\数据结构编程\期中第二题三\DEBUG\期中第二题三.EXE
D:\数据结构编程\期中第二题三\DEBUG\期中第二题三.PDB
D:\数据结构编程\期中第二题三\Debug\源.obj
D:\数据结构编程\期中第二题三\Debug\期中第二题三.ilk
D:\数据结构编程\期中第二题三\Debug\cl.command.1.tlog
D:\数据结构编程\期中第二题三\Debug\CL.read.1.tlog
D:\数据结构编程\期中第二题三\Debug\CL.write.1.tlog
D:\数据结构编程\期中第二题三\Debug\link-cvtres.read.1.tlog
D:\数据结构编程\期中第二题三\Debug\link-cvtres.write.1.tlog
D:\数据结构编程\期中第二题三\Debug\link-rc.read.1.tlog
D:\数据结构编程\期中第二题三\Debug\link-rc.write.1.tlog
D:\数据结构编程\期中第二题三\Debug\link.command.1.tlog
D:\数据结构编程\期中第二题三\Debug\link.read.1.tlog
D:\数据结构编程\期中第二题三\Debug\link.write.1.tlog
D:\数据结构编程\期中第二题三\Debug\vc110.idb
D:\数据结构编程\期中第二题三\Debug\vc110.pdb
D:\数据结构编程\期中第二题三\Debug\期中第二题三.pdb
D:\数据结构编程\期中第二题三\Debug\期中第二题三.exe
