D:\数据结构编程\迷宫行走\DEBUG\源.OBJ
D:\数据结构编程\迷宫行走\DEBUG\VC110.PDB
D:\数据结构编程\迷宫行走\DEBUG\迷宫行走.ILK
D:\数据结构编程\迷宫行走\DEBUG\迷宫行走.EXE
D:\数据结构编程\迷宫行走\DEBUG\迷宫行走.PDB
D:\数据结构编程\迷宫行走\Debug\源.obj
D:\数据结构编程\迷宫行走\Debug\迷宫行走.ilk
D:\数据结构编程\迷宫行走\Debug\cl.command.1.tlog
D:\数据结构编程\迷宫行走\Debug\CL.read.1.tlog
D:\数据结构编程\迷宫行走\Debug\CL.write.1.tlog
D:\数据结构编程\迷宫行走\Debug\link-cvtres.read.1.tlog
D:\数据结构编程\迷宫行走\Debug\link-cvtres.write.1.tlog
D:\数据结构编程\迷宫行走\Debug\link-rc.read.1.tlog
D:\数据结构编程\迷宫行走\Debug\link-rc.write.1.tlog
D:\数据结构编程\迷宫行走\Debug\link.command.1.tlog
D:\数据结构编程\迷宫行走\Debug\link.read.1.tlog
D:\数据结构编程\迷宫行走\Debug\link.write.1.tlog
D:\数据结构编程\迷宫行走\Debug\vc110.idb
D:\数据结构编程\迷宫行走\Debug\vc110.pdb
D:\数据结构编程\迷宫行走\Debug\迷宫行走.pdb
D:\数据结构编程\迷宫行走\Debug\迷宫行走.exe
