D:\数据结构编程\练习20171012\DEBUG\源.OBJ
D:\数据结构编程\练习20171012\DEBUG\VC110.PDB
D:\数据结构编程\练习20171012\DEBUG\练习20171012.ILK
D:\数据结构编程\练习20171012\DEBUG\练习20171012.EXE
D:\数据结构编程\练习20171012\DEBUG\练习20171012.PDB
D:\数据结构编程\练习20171012\Debug\源.obj
D:\数据结构编程\练习20171012\Debug\练习20171012.ilk
D:\数据结构编程\练习20171012\Debug\cl.command.1.tlog
D:\数据结构编程\练习20171012\Debug\CL.read.1.tlog
D:\数据结构编程\练习20171012\Debug\CL.write.1.tlog
D:\数据结构编程\练习20171012\Debug\link-cvtres.read.1.tlog
D:\数据结构编程\练习20171012\Debug\link-cvtres.write.1.tlog
D:\数据结构编程\练习20171012\Debug\link-rc.read.1.tlog
D:\数据结构编程\练习20171012\Debug\link-rc.write.1.tlog
D:\数据结构编程\练习20171012\Debug\link.command.1.tlog
D:\数据结构编程\练习20171012\Debug\link.read.1.tlog
D:\数据结构编程\练习20171012\Debug\link.write.1.tlog
D:\数据结构编程\练习20171012\Debug\vc110.idb
D:\数据结构编程\练习20171012\Debug\vc110.pdb
D:\数据结构编程\练习20171012\Debug\练习20171012.pdb
D:\数据结构编程\练习20171012\Debug\练习20171012.exe
