D:\数据结构编程\括号配对\DEBUG\源.OBJ
D:\数据结构编程\括号配对\DEBUG\VC110.PDB
D:\数据结构编程\括号配对\DEBUG\括号配对.ILK
D:\数据结构编程\括号配对\DEBUG\括号配对.EXE
D:\数据结构编程\括号配对\DEBUG\括号配对.PDB
D:\数据结构编程\括号配对\Debug\源.obj
D:\数据结构编程\括号配对\Debug\括号配对.ilk
D:\数据结构编程\括号配对\Debug\cl.command.1.tlog
D:\数据结构编程\括号配对\Debug\CL.read.1.tlog
D:\数据结构编程\括号配对\Debug\CL.write.1.tlog
D:\数据结构编程\括号配对\Debug\link-cvtres.read.1.tlog
D:\数据结构编程\括号配对\Debug\link-cvtres.write.1.tlog
D:\数据结构编程\括号配对\Debug\link-rc.read.1.tlog
D:\数据结构编程\括号配对\Debug\link-rc.write.1.tlog
D:\数据结构编程\括号配对\Debug\link.command.1.tlog
D:\数据结构编程\括号配对\Debug\link.read.1.tlog
D:\数据结构编程\括号配对\Debug\link.write.1.tlog
D:\数据结构编程\括号配对\Debug\vc110.idb
D:\数据结构编程\括号配对\Debug\vc110.pdb
D:\数据结构编程\括号配对\Debug\括号配对.pdb
D:\数据结构编程\括号配对\Debug\括号配对.exe
