D:\数据结构编程\约瑟夫环顺序结构\DEBUG\源.OBJ
D:\数据结构编程\约瑟夫环顺序结构\DEBUG\VC110.PDB
D:\数据结构编程\约瑟夫环顺序结构\DEBUG\约瑟夫环顺序结构.ILK
D:\数据结构编程\约瑟夫环顺序结构\DEBUG\约瑟夫环顺序结构.EXE
D:\数据结构编程\约瑟夫环顺序结构\DEBUG\约瑟夫环顺序结构.PDB
D:\数据结构编程\约瑟夫环顺序结构\Debug\源.obj
D:\数据结构编程\约瑟夫环顺序结构\Debug\约瑟夫环顺序结构.ilk
D:\数据结构编程\约瑟夫环顺序结构\Debug\cl.command.1.tlog
D:\数据结构编程\约瑟夫环顺序结构\Debug\CL.read.1.tlog
D:\数据结构编程\约瑟夫环顺序结构\Debug\CL.write.1.tlog
D:\数据结构编程\约瑟夫环顺序结构\Debug\link-cvtres.read.1.tlog
D:\数据结构编程\约瑟夫环顺序结构\Debug\link-cvtres.write.1.tlog
D:\数据结构编程\约瑟夫环顺序结构\Debug\link-rc.read.1.tlog
D:\数据结构编程\约瑟夫环顺序结构\Debug\link-rc.write.1.tlog
D:\数据结构编程\约瑟夫环顺序结构\Debug\link.command.1.tlog
D:\数据结构编程\约瑟夫环顺序结构\Debug\link.read.1.tlog
D:\数据结构编程\约瑟夫环顺序结构\Debug\link.write.1.tlog
D:\数据结构编程\约瑟夫环顺序结构\Debug\vc110.idb
D:\数据结构编程\约瑟夫环顺序结构\Debug\vc110.pdb
D:\数据结构编程\约瑟夫环顺序结构\Debug\约瑟夫环顺序结构.pdb
D:\数据结构编程\约瑟夫环顺序结构\Debug\约瑟夫环顺序结构.exe
