D:\数据结构编程\银行排队\DEBUG\MAIN.OBJ
D:\数据结构编程\银行排队\DEBUG\VC110.PDB
D:\数据结构编程\银行排队\DEBUG\银行排队.ILK
D:\数据结构编程\银行排队\DEBUG\银行排队.EXE
D:\数据结构编程\银行排队\DEBUG\银行排队.PDB
D:\数据结构编程\银行排队\Debug\main.obj
D:\数据结构编程\银行排队\Debug\银行排队.ilk
D:\数据结构编程\银行排队\Debug\cl.command.1.tlog
D:\数据结构编程\银行排队\Debug\CL.read.1.tlog
D:\数据结构编程\银行排队\Debug\CL.write.1.tlog
D:\数据结构编程\银行排队\Debug\link-cvtres.read.1.tlog
D:\数据结构编程\银行排队\Debug\link-cvtres.write.1.tlog
D:\数据结构编程\银行排队\Debug\link-rc.read.1.tlog
D:\数据结构编程\银行排队\Debug\link-rc.write.1.tlog
D:\数据结构编程\银行排队\Debug\link.command.1.tlog
D:\数据结构编程\银行排队\Debug\link.read.1.tlog
D:\数据结构编程\银行排队\Debug\link.write.1.tlog
D:\数据结构编程\银行排队\Debug\vc110.idb
D:\数据结构编程\银行排队\Debug\vc110.pdb
D:\数据结构编程\银行排队\Debug\银行排队.pdb
D:\数据结构编程\银行排队\Debug\银行排队.exe
