D:\数据结构编程\数制转换\DEBUG\源.OBJ
D:\数据结构编程\数制转换\DEBUG\VC110.PDB
D:\数据结构编程\数制转换\DEBUG\数制转换.ILK
D:\数据结构编程\数制转换\DEBUG\数制转换.EXE
D:\数据结构编程\数制转换\DEBUG\数制转换.PDB
D:\数据结构编程\数制转换\Debug\源.obj
D:\数据结构编程\数制转换\Debug\数制转换.ilk
D:\数据结构编程\数制转换\Debug\cl.command.1.tlog
D:\数据结构编程\数制转换\Debug\CL.read.1.tlog
D:\数据结构编程\数制转换\Debug\CL.write.1.tlog
D:\数据结构编程\数制转换\Debug\link-cvtres.read.1.tlog
D:\数据结构编程\数制转换\Debug\link-cvtres.write.1.tlog
D:\数据结构编程\数制转换\Debug\link-rc.read.1.tlog
D:\数据结构编程\数制转换\Debug\link-rc.write.1.tlog
D:\数据结构编程\数制转换\Debug\link.command.1.tlog
D:\数据结构编程\数制转换\Debug\link.read.1.tlog
D:\数据结构编程\数制转换\Debug\link.write.1.tlog
D:\数据结构编程\数制转换\Debug\vc110.idb
D:\数据结构编程\数制转换\Debug\vc110.pdb
D:\数据结构编程\数制转换\Debug\数制转换.pdb
D:\数据结构编程\数制转换\Debug\数制转换.exe
