D:\数据结构编程\一元稀疏多项式计算器\DEBUG\源.OBJ
D:\数据结构编程\一元稀疏多项式计算器\DEBUG\VC110.PDB
D:\数据结构编程\一元稀疏多项式计算器\DEBUG\一元稀疏多项式计算器.ILK
D:\数据结构编程\一元稀疏多项式计算器\DEBUG\一元稀疏多项式计算器.EXE
D:\数据结构编程\一元稀疏多项式计算器\DEBUG\一元稀疏多项式计算器.PDB
D:\数据结构编程\一元稀疏多项式计算器\Debug\源.obj
D:\数据结构编程\一元稀疏多项式计算器\Debug\一元稀疏多项式计算器.ilk
D:\数据结构编程\一元稀疏多项式计算器\Debug\cl.command.1.tlog
D:\数据结构编程\一元稀疏多项式计算器\Debug\CL.read.1.tlog
D:\数据结构编程\一元稀疏多项式计算器\Debug\CL.write.1.tlog
D:\数据结构编程\一元稀疏多项式计算器\Debug\link-cvtres.read.1.tlog
D:\数据结构编程\一元稀疏多项式计算器\Debug\link-cvtres.write.1.tlog
D:\数据结构编程\一元稀疏多项式计算器\Debug\link-rc.read.1.tlog
D:\数据结构编程\一元稀疏多项式计算器\Debug\link-rc.write.1.tlog
D:\数据结构编程\一元稀疏多项式计算器\Debug\link.command.1.tlog
D:\数据结构编程\一元稀疏多项式计算器\Debug\link.read.1.tlog
D:\数据结构编程\一元稀疏多项式计算器\Debug\link.write.1.tlog
D:\数据结构编程\一元稀疏多项式计算器\Debug\vc110.idb
D:\数据结构编程\一元稀疏多项式计算器\Debug\vc110.pdb
D:\数据结构编程\一元稀疏多项式计算器\Debug\一元稀疏多项式计算器.pdb
D:\数据结构编程\一元稀疏多项式计算器\Debug\一元稀疏多项式计算器.exe
