D:\数据结构编程\约瑟夫环\DEBUG\源.OBJ
D:\数据结构编程\约瑟夫环\DEBUG\VC110.PDB
D:\数据结构编程\约瑟夫环\DEBUG\约瑟夫环.ILK
D:\数据结构编程\约瑟夫环\DEBUG\约瑟夫环.EXE
D:\数据结构编程\约瑟夫环\DEBUG\约瑟夫环.PDB
D:\数据结构编程\约瑟夫环\Debug\源.obj
D:\数据结构编程\约瑟夫环\Debug\约瑟夫环.ilk
D:\数据结构编程\约瑟夫环\Debug\cl.command.1.tlog
D:\数据结构编程\约瑟夫环\Debug\CL.read.1.tlog
D:\数据结构编程\约瑟夫环\Debug\CL.write.1.tlog
D:\数据结构编程\约瑟夫环\Debug\link-cvtres.read.1.tlog
D:\数据结构编程\约瑟夫环\Debug\link-cvtres.write.1.tlog
D:\数据结构编程\约瑟夫环\Debug\link-rc.read.1.tlog
D:\数据结构编程\约瑟夫环\Debug\link-rc.write.1.tlog
D:\数据结构编程\约瑟夫环\Debug\link.command.1.tlog
D:\数据结构编程\约瑟夫环\Debug\link.read.1.tlog
D:\数据结构编程\约瑟夫环\Debug\link.write.1.tlog
D:\数据结构编程\约瑟夫环\Debug\vc110.idb
D:\数据结构编程\约瑟夫环\Debug\vc110.pdb
D:\数据结构编程\约瑟夫环\Debug\约瑟夫环.pdb
D:\数据结构编程\约瑟夫环\Debug\约瑟夫环.exe
