D:\数据结构编程\最大局部矩阵\DEBUG\MIAN.OBJ
D:\数据结构编程\最大局部矩阵\DEBUG\VC110.PDB
D:\数据结构编程\最大局部矩阵\DEBUG\最大局部矩阵.ILK
D:\数据结构编程\最大局部矩阵\DEBUG\最大局部矩阵.EXE
D:\数据结构编程\最大局部矩阵\DEBUG\最大局部矩阵.PDB
D:\数据结构编程\最大局部矩阵\Debug\mian.obj
D:\数据结构编程\最大局部矩阵\Debug\最大局部矩阵.ilk
D:\数据结构编程\最大局部矩阵\Debug\cl.command.1.tlog
D:\数据结构编程\最大局部矩阵\Debug\CL.read.1.tlog
D:\数据结构编程\最大局部矩阵\Debug\CL.write.1.tlog
D:\数据结构编程\最大局部矩阵\Debug\link-cvtres.read.1.tlog
D:\数据结构编程\最大局部矩阵\Debug\link-cvtres.write.1.tlog
D:\数据结构编程\最大局部矩阵\Debug\link-rc.read.1.tlog
D:\数据结构编程\最大局部矩阵\Debug\link-rc.write.1.tlog
D:\数据结构编程\最大局部矩阵\Debug\link.command.1.tlog
D:\数据结构编程\最大局部矩阵\Debug\link.read.1.tlog
D:\数据结构编程\最大局部矩阵\Debug\link.write.1.tlog
D:\数据结构编程\最大局部矩阵\Debug\vc110.idb
D:\数据结构编程\最大局部矩阵\Debug\vc110.pdb
D:\数据结构编程\最大局部矩阵\Debug\最大局部矩阵.pdb
D:\数据结构编程\最大局部矩阵\Debug\最大局部矩阵.exe
