D:\数据结构编程\排序\DEBUG\MAIN.OBJ
D:\数据结构编程\排序\DEBUG\VC110.PDB
D:\数据结构编程\排序\DEBUG\排序.ILK
D:\数据结构编程\排序\DEBUG\排序.EXE
D:\数据结构编程\排序\DEBUG\排序.PDB
D:\数据结构编程\排序\Debug\main.obj
D:\数据结构编程\排序\Debug\排序.ilk
D:\数据结构编程\排序\Debug\cl.command.1.tlog
D:\数据结构编程\排序\Debug\CL.read.1.tlog
D:\数据结构编程\排序\Debug\CL.write.1.tlog
D:\数据结构编程\排序\Debug\link-cvtres.read.1.tlog
D:\数据结构编程\排序\Debug\link-cvtres.write.1.tlog
D:\数据结构编程\排序\Debug\link-rc.read.1.tlog
D:\数据结构编程\排序\Debug\link-rc.write.1.tlog
D:\数据结构编程\排序\Debug\link.command.1.tlog
D:\数据结构编程\排序\Debug\link.read.1.tlog
D:\数据结构编程\排序\Debug\link.write.1.tlog
D:\数据结构编程\排序\Debug\vc110.idb
D:\数据结构编程\排序\Debug\vc110.pdb
D:\数据结构编程\排序\Debug\排序.pdb
D:\数据结构编程\排序\Debug\排序.exe
